<?xml version="1.0" encoding="UTF-8"?>
<!-- Generated by org.testng.reporters.JUnitReportReporter -->
<testsuite skipped="1" hostname="dineshkila" name="com.mynop.testcases.LoginPageTest" tests="1" failures="0" timestamp="04 Oct 2023 11:51:22 GMT" time="0.000" errors="0">
  <testcase name="loginTest" time="0.000" classname="com.mynop.testcases.LoginPageTest">
    <skipped/>
  </testcase> <!-- loginTest -->
</testsuite> <!-- com.mynop.testcases.LoginPageTest -->
